10 0
0.0 0.0 0.022933449815061856 0.09395833266342307 -0.0008928335853246791 0.010508099967930123
0.09395833266342307 -0.0008928335853246791 0.010508099967930123 0.08207865138633447 -0.020844144477084714 -0.011227385202644442
0.0 0.01 0.0 0.02386887135966772 -0.01658635654655738 0.008833081969719254
0.02386887135966772 -0.01658635654655738 0.008833081969719254 0.08207865138633447 -0.020844144477084714 0.012706233892742367
0.08207865138633447 -0.020844144477084714 0.012706233892742367 0.14715815363039644 -0.02299103266629273 0.01321571085880156
0.14715815363039644 -0.02299103266629273 0.01321571085880156 0.2127866413193043 -0.023645799262589716 0.01871393856505078
0.02386887135966772 -0.01658635654655738 0.008833081969719254 0.023718203919792166 -0.001342450655312669 0.009576749234479567
0.08207865138633447 -0.020844144477084714 0.012706233892742367 0.08204410106782178 -0.0004503958565255948 0.014869181457796426
0.14715815363039644 -0.02299103266629273 0.01321571085880156 0.14715964953370508 0.0004964923326824307 0.013995288034522435
0.2127866413193043 -0.023645799262589716 -0.003196989245859908 0.21266049638099963 0.000351258928979415 0.015017507587504378
0.0 0.0 0.004105951852682281 0.023718203919792166 -0.001342450655312669 0.009576749234479567
0.023718203919792166 -0.001342450655312669 0.009576749234479567 0.08204410106782178 -0.0004503958565255948 0.014869181457796426
0.08204410106782178 -0.0004503958565255948 0.014869181457796426 0.14715964953370508 0.0004964923326824307 0.013995288034522435
0.14715964953370508 0.0004964923326824307 0.013995288034522435 0.21266049638099963 0.000351258928979415 0.015017507587504378
0.023718203919792166 -0.001342450655312669 -0.007624223164531428 0.023196711959552824 -0.0002676944474026698 0.01029425357421083
0.0 0.0 0.0 0.023196711959552824 -0.0002676944474026698 0.01029425357421083
-17.856671706493582 255.68957825410035 676.4999951766462 -17.856671706493582 -255.68957825410035 601.9478960938557
-3507.4217370800907 5.3864700661651455 52.980173460811784 -3507.4217370800907 -5.3864700661651455 -21.571925621978618
-164.65891366393447 116.81728677873626 200.51051617102533 -164.65891366393447 -116.81728677873626 266.75863094391974
-106.44469826318338 284.87365805134687 555.222996391357 -106.44469826318338 -284.87365805134687 584.2716358140303
-53.672204730200406 344.8470392888589 666.4502066216625 -53.672204730200406 -312.8470392888589 648.9379505337731
-16.369164907424626 380.1843996342228 718.4171120366776 -16.369164907424626 -348.1843996342228 738.3204865002135
-25.11123997925901 58.21421540075097 101.40320076098574 -25.11123997925901 13.78578459924903 31.882091643520113
-5.758386418781144 70.62916523947625 136.28258311000533 -5.758386418781144 1.3708347605237492 71.4924083268522
0.2493172181085115 37.30303982277601 103.10982417545992 0.2493172181085115 -27.303039822776007 90.70841476119617
-21.02415638411165 16.369164907424597 -1.0658141036401503e-14 -21.02415638411165 3.6308350925754045 38.21498944454761
-33.561266382816726 143.67264213970086 266.8297940976619 -33.561266382816726 -143.67264213970086 307.86077446114155
22.301369969676855 301.54994587288576 583.2532709083333 22.301369969676855 -301.54994587288576 622.9465125832097
23.672204730200637 345.5001209545904 694.2773422464581 23.672204730200637 -345.5001209545904 687.7231415719033
-3.630835092575393 347.41810713191666 691.0028909401511 -3.630835092575393 -347.41810713191666 698.6695375875157
-141.62369265795067 31.305255066043003 0.47202917422049495 -141.62369265795067 20.704743972603396 26.554077285532188
-8.92314824675566 257.5872821391271 334.90965533763654 -8.92314824675566 -257.5872821391271 437.85219107974484
